[2026-07-16 11:35:02] START trading assistant refresh
[2026-07-16 11:46:14] {
[2026-07-16 11:46:14]   "boards": 58,
[2026-07-16 11:46:14]   "universeStocks": 3065,
[2026-07-16 11:46:14]   "candidates": 43,
[2026-07-16 11:46:14]   "withDailyK": 41,
[2026-07-16 11:46:14]   "with30mK": 41,
[2026-07-16 11:46:14]   "with5mK": 41,
[2026-07-16 11:46:14]   "withFinancial": 43,
[2026-07-16 11:46:14]   "withAnnouncements": 43,
[2026-07-16 11:46:14]   "failures": 8,
[2026-07-16 11:46:14]   "states": {
[2026-07-16 11:46:14]     "瑙傚療姹?: 3,
[2026-07-16 11:46:14]     "鏆備笉浜ゆ槗": 34,
[2026-07-16 11:46:14]     "浜ゆ槗鍑嗗姹?: 5,
[2026-07-16 11:46:14]     "閲嶇偣璺熻釜姹?: 1
[2026-07-16 11:46:14]   }
[2026-07-16 11:46:14] }
[2026-07-16 11:46:14] {
[2026-07-16 11:46:14]   "generatedAtChina": "2026/07/16 11:46:14",
[2026-07-16 11:46:14]   "boards": 58,
[2026-07-16 11:46:14]   "universeStocks": 3065,
[2026-07-16 11:46:14]   "candidates": 43,
[2026-07-16 11:46:14]   "actionList": 11,
[2026-07-16 11:46:14]   "groups": [
[2026-07-16 11:46:14]     {
[2026-07-16 11:46:14]       "name": "绉戞妧",
[2026-07-16 11:46:14]       "count": 16
[2026-07-16 11:46:14]     },
[2026-07-16 11:46:14]     {
[2026-07-16 11:46:14]       "name": "鏂拌兘婧?鐢靛姏璁惧",
[2026-07-16 11:46:14]       "count": 3
[2026-07-16 11:46:14]     },
[2026-07-16 11:46:14]     {
[2026-07-16 11:46:14]       "name": "鏈哄櫒浜?鏅鸿兘鍒堕€?,
[2026-07-16 11:46:14]       "count": 3
[2026-07-16 11:46:14]     },
[2026-07-16 11:46:14]     {
[2026-07-16 11:46:14]       "name": "浣庣┖缁忔祹/鑸┖鑸ぉ",
[2026-07-16 11:46:14]       "count": 3
[2026-07-16 11:46:14]     },
[2026-07-16 11:46:14]     {
[2026-07-16 11:46:14]       "name": "楂樼鍒堕€?姹借溅",
[2026-07-16 11:46:14]       "count": 3
[2026-07-16 11:46:14]     },
[2026-07-16 11:46:14]     {
[2026-07-16 11:46:14]       "name": "鍖昏嵂鍖荤枟",
[2026-07-16 11:46:14]       "count": 3
[2026-07-16 11:46:14]     },
[2026-07-16 11:46:14]     {
[2026-07-16 11:46:14]       "name": "鍐涘伐鍥介槻",
[2026-07-16 11:46:14]       "count": 3
[2026-07-16 11:46:14]     },
[2026-07-16 11:46:14]     {
[2026-07-16 11:46:14]       "name": "榛勯噾/璐甸噾灞?,
[2026-07-16 11:46:14]       "count": 3
[2026-07-16 11:46:14]     },
[2026-07-16 11:46:14]     {
[2026-07-16 11:46:14]       "name": "璧勬簮鍛ㄦ湡/鍖栧伐",
[2026-07-16 11:46:14]       "count": 3
[2026-07-16 11:46:14]     },
[2026-07-16 11:46:14]     {
[2026-07-16 11:46:14]       "name": "澶ф秷璐?,
[2026-07-16 11:46:14]       "count": 3
[2026-07-16 11:46:14]     }
[2026-07-16 11:46:14]   ],
[2026-07-16 11:46:14]   "states": {
[2026-07-16 11:46:14]     "瑙傚療姹?: 3,
[2026-07-16 11:46:14]     "鏆備笉浜ゆ槗": 34,
[2026-07-16 11:46:14]     "浜ゆ槗鍑嗗姹?: 5,
[2026-07-16 11:46:14]     "閲嶇偣璺熻釜姹?: 1
[2026-07-16 11:46:14]   },
[2026-07-16 11:46:14]   "dataQualityUnavailable": [
[2026-07-16 11:46:14]     {
[2026-07-16 11:46:14]       "field": "鍊欓€夎偂涓诲姏鍑€娴佸叆",
[2026-07-16 11:46:14]       "count": 6,
[2026-07-16 11:46:14]       "total": 43,
[2026-07-16 11:46:14]       "reason": "  % Total    % Received % Xferd  Average Speed  Time    Time    Time   Current\r\n                                 Dload  Upload  Total   Spent   Left   Speed\r\n\r  0      0   0      0   0      0      0      0                              0\r\ncurl: (56) schannel: server closed abruptly (missing close_notify)\r\n",
[2026-07-16 11:46:14]       "impact": "涓嶆妸涓诲姏鍑€娴佸叆浣滀负鏈璇勫垎鐨勭‖鏉′欢锛涘€欓€夊拰浜ゆ槗璁″垝涓昏渚濇嵁琛屾儏銆並绾裤€佽储鎶ャ€佸叕鍛娿€?
[2026-07-16 11:46:14]     },
[2026-07-16 11:46:14]     {
[2026-07-16 11:46:14]       "field": "鏂版氮鏉垮潡瀹樻柟娑ㄨ穼骞?鎴愪氦棰?,
[2026-07-16 11:46:14]       "count": 58,
[2026-07-16 11:46:14]       "total": 58,
[2026-07-16 11:46:14]       "reason": "鏂版氮琛屼笟/姒傚康鑺傜偣杩斿洖鎴愬垎鑲¤鎯咃紝浣嗕笉鐩存帴杩斿洖鏉垮潡绾ф眹鎬绘寚鏍囥€?,
[2026-07-16 11:46:14]       "impact": "宸茬敤鎴愬垎鑲＄湡瀹炶鎯呰仛鍚堣绠楁澘鍧楁定璺屽箙銆佹垚浜ら銆佸钩鍧囨崲鎵嬪拰鎴愬垎鑲℃暟閲忋€?
[2026-07-16 11:46:14]     }
[2026-07-16 11:46:14]   ],
[2026-07-16 11:46:14]   "missing": [
[2026-07-16 11:46:14]     {
[2026-07-16 11:46:14]       "code": "920976",
[2026-07-16 11:46:14]       "name": "瑙嗗０鏅鸿兘",
[2026-07-16 11:46:14]       "field": "technical.lastDate"
[2026-07-16 11:46:14]     },
[2026-07-16 11:46:14]     {
[2026-07-16 11:46:14]       "code": "920976",
[2026-07-16 11:46:14]       "name": "瑙嗗０鏅鸿兘",
[2026-07-16 11:46:14]       "field": "technical.m30.lastDate"
[2026-07-16 11:46:14]     },
[2026-07-16 11:46:14]     {
[2026-07-16 11:46:14]       "code": "920976",
[2026-07-16 11:46:14]       "name": "瑙嗗０鏅鸿兘",
[2026-07-16 11:46:14]       "field": "technical.m5.lastDate"
[2026-07-16 11:46:14]     },
[2026-07-16 11:46:14]     {
[2026-07-16 11:46:14]       "code": "920976",
[2026-07-16 11:46:14]       "name": "瑙嗗０鏅鸿兘",
[2026-07-16 11:46:14]       "field": "technical.momentum.r20"
[2026-07-16 11:46:14]     },
[2026-07-16 11:46:14]     {
[2026-07-16 11:46:14]       "code": "920976",
[2026-07-16 11:46:14]       "name": "瑙嗗０鏅鸿兘",
[2026-07-16 11:46:14]       "field": "technical.relativeStrength.score"
[2026-07-16 11:46:14]     },
[2026-07-16 11:46:14]     {
[2026-07-16 11:46:14]       "code": "920976",
[2026-07-16 11:46:14]       "name": "瑙嗗０鏅鸿兘",
[2026-07-16 11:46:14]       "field": "tradePlan.stop"
[2026-07-16 11:46:14]     },
[2026-07-16 11:46:14]     {
[2026-07-16 11:46:14]       "code": "920976",
[2026-07-16 11:46:14]       "name": "瑙嗗０鏅鸿兘",
[2026-07-16 11:46:14]       "field": "tradePlan.takeProfit"
[2026-07-16 11:46:14]     },
[2026-07-16 11:46:14]     {
[2026-07-16 11:46:14]       "code": "920976",
[2026-07-16 11:46:14]       "name": "瑙嗗０鏅鸿兘",
[2026-07-16 11:46:14]       "field": "tradePlan.riskReward.ratio"
[2026-07-16 11:46:14]     },
[2026-07-16 11:46:14]     {
[2026-07-16 11:46:14]       "code": "920083",
[2026-07-16 11:46:14]       "name": "閲戞垐鏂版潗",
[2026-07-16 11:46:14]       "field": "technical.lastDate"
[2026-07-16 11:46:14]     },
[2026-07-16 11:46:14]     {
[2026-07-16 11:46:14]       "code": "920083",
[2026-07-16 11:46:14]       "name": "閲戞垐鏂版潗",
[2026-07-16 11:46:14]       "field": "technical.m30.lastDate"
[2026-07-16 11:46:14]     },
[2026-07-16 11:46:14]     {
[2026-07-16 11:46:14]       "code": "920083",
[2026-07-16 11:46:14]       "name": "閲戞垐鏂版潗",
[2026-07-16 11:46:14]       "field": "technical.m5.lastDate"
[2026-07-16 11:46:14]     },
[2026-07-16 11:46:14]     {
[2026-07-16 11:46:14]       "code": "920083",
[2026-07-16 11:46:14]       "name": "閲戞垐鏂版潗",
[2026-07-16 11:46:14]       "field": "technical.momentum.r20"
[2026-07-16 11:46:14]     },
[2026-07-16 11:46:14]     {
[2026-07-16 11:46:14]       "code": "920083",
[2026-07-16 11:46:14]       "name": "閲戞垐鏂版潗",
[2026-07-16 11:46:14]       "field": "technical.relativeStrength.score"
[2026-07-16 11:46:14]     },
[2026-07-16 11:46:14]     {
[2026-07-16 11:46:14]       "code": "920083",
[2026-07-16 11:46:14]       "name": "閲戞垐鏂版潗",
[2026-07-16 11:46:14]       "field": "tradePlan.stop"
[2026-07-16 11:46:14]     },
[2026-07-16 11:46:14]     {
[2026-07-16 11:46:14]       "code": "920083",
[2026-07-16 11:46:14]       "name": "閲戞垐鏂版潗",
[2026-07-16 11:46:14]       "field": "tradePlan.takeProfit"
[2026-07-16 11:46:14]     },
[2026-07-16 11:46:14]     {
[2026-07-16 11:46:14]       "code": "920083",
[2026-07-16 11:46:14]       "name": "閲戞垐鏂版潗",
[2026-07-16 11:46:14]       "field": "tradePlan.riskReward.ratio"
[2026-07-16 11:46:14]     }
[2026-07-16 11:46:14]   ],
[2026-07-16 11:46:14]   "bannedHits": [],
[2026-07-16 11:46:14]   "warnings": [
[2026-07-16 11:46:14]     {
[2026-07-16 11:46:14]       "code": "000021",
[2026-07-16 11:46:14]       "name": "娣辩鎶€",
[2026-07-16 11:46:14]       "field": "mainNetInflowYi",
[2026-07-16 11:46:14]       "reason": "  % Total    % Received % Xferd  Average Speed  Time    Time    Time   Current\r\n                                 Dload  Upload  Total   Spent   Left   Speed\r\n\r  0      0   0      0   0      0      0      0                              0\r\ncurl: (56) schannel: server closed abruptly (missing close_notify)\r\n"
[2026-07-16 11:46:14]     },
[2026-07-16 11:46:14]     {
[2026-07-16 11:46:14]       "code": "002245",
[2026-07-16 11:46:14]       "name": "钄氳摑閿傝姱",
[2026-07-16 11:46:14]       "field": "mainNetInflowYi",
[2026-07-16 11:46:14]       "reason": "  % Total    % Received % Xferd  Average Speed  Time    Time    Time   Current\r\n                                 Dload  Upload  Total   Spent   Left   Speed\r\n\r  0      0   0      0   0      0      0      0                              0\r\ncurl: (56) schannel: server closed abruptly (missing close_notify)\r\n"
[2026-07-16 11:46:14]     },
[2026-07-16 11:46:14]     {
[2026-07-16 11:46:14]       "code": "603950",
[2026-07-16 11:46:14]       "name": "闀挎簮涓滆胺",
[2026-07-16 11:46:14]       "field": "mainNetInflowYi",
[2026-07-16 11:46:14]       "reason": "  % Total    % Received % Xferd  Average Speed  Time    Time    Time   Current\r\n                                 Dload  Upload  Total   Spent   Left   Speed\r\n\r  0      0   0      0   0      0      0      0                              0\r\ncurl: (56) schannel: server closed abruptly (missing close_notify)\r\n"
[2026-07-16 11:46:14]     },
[2026-07-16 11:46:14]     {
[2026-07-16 11:46:14]       "code": "300638",
[2026-07-16 11:46:14]       "name": "骞垮拰閫?,
[2026-07-16 11:46:14]       "field": "mainNetInflowYi",
[2026-07-16 11:46:14]       "reason": "  % Total    % Received % Xferd  Average Speed  Time    Time    Time   Current\r\n                                 Dload  Upload  Total   Spent   Left   Speed\r\n\r  0      0   0      0   0      0      0      0                              0\r\ncurl: (56) schannel: server closed abruptly (missing close_notify)\r\n"
[2026-07-16 11:46:14]     },
[2026-07-16 11:46:14]     {
[2026-07-16 11:46:14]       "code": "000733",
[2026-07-16 11:46:14]       "name": "鎸崕绉戞妧",
[2026-07-16 11:46:14]       "field": "mainNetInflowYi",
[2026-07-16 11:46:14]       "reason": "  % Total    % Received % Xferd  Average Speed  Time    Time    Time   Current\r\n                                 Dload  Upload  Total   Spent   Left   Speed\r\n\r  0      0   0      0   0      0      0      0                              0\r\ncurl: (56) schannel: server closed abruptly (missing close_notify)\r\n"
[2026-07-16 11:46:14]     },
[2026-07-16 11:46:14]     {
[2026-07-16 11:46:14]       "code": "000858",
[2026-07-16 11:46:14]       "name": "浜?绮?娑?,
[2026-07-16 11:46:14]       "field": "mainNetInflowYi",
[2026-07-16 11:46:14]       "reason": "  % Total    % Received % Xferd  Average Speed  Time    Time    Time   Current\r\n                                 Dload  Upload  Total   Spent   Left   Speed\r\n\r  0      0   0      0   0      0      0      0                              0\r\ncurl: (56) schannel: server closed abruptly (missing close_notify)\r\n"
[2026-07-16 11:46:14]     }
[2026-07-16 11:46:14]   ],
[2026-07-16 11:46:14]   "htmlScript": "ok",
[2026-07-16 11:46:14]   "dataJs": "ok"
[2026-07-16 11:46:14] }
[2026-07-16 11:46:14] DONE trading assistant refresh
[2026-07-16 17:01:50] START trading assistant refresh
